<?xml version="1.0" encoding="UTF-8"?>
<testng-results ignored="0" total="4" passed="4" failed="0" skipped="0">
  <reporter-output>
  </reporter-output>
  <suite started-at="2023-10-06T20:00:05 IST" name="Suite" finished-at="2023-10-06T20:01:03 IST" duration-ms="58034">
    <groups>
      <group name="smoke">
        <method signature="ErrorValidations.loginErrors()[pri:0, instance:UIAutomation.SeleniumFrameworkDesign.ErrorValidations@2b76ff4e]" name="loginErrors" class="UIAutomation.SeleniumFrameworkDesign.ErrorValidations"/>
      </group> <!-- smoke -->
      <group name="orderPurchase">
        <method signature="SubmitOrderTest.submitOrders(java.util.HashMap)[pri:0, instance:UIAutomation.SeleniumFrameworkDesign.SubmitOrderTest@492691d7]" name="submitOrders" class="UIAutomation.SeleniumFrameworkDesign.SubmitOrderTest"/>
      </group> <!-- orderPurchase -->
    </groups>
    <test started-at="2023-10-06T20:00:05 IST" name="Submit Order Test" finished-at="2023-10-06T20:00:42 IST" duration-ms="37240">
      <class name="UIAutomation.SeleniumFrameworkDesign.SubmitOrderTest">
        <test-method is-config="true" signature="launchBrowser()[pri:0, instance:UIAutomation.SeleniumFrameworkDesign.SubmitOrderTest@492691d7]" started-at="2023-10-06T20:00:05 IST" name="launchBrowser" finished-at="2023-10-06T20:00:17 IST" duration-ms="11959" status="PASS">
          <reporter-output>
          </reporter-output>
        </test-method> <!-- launchBrowser -->
        <test-method signature="submitOrders(java.util.HashMap)[pri:0, instance:UIAutomation.SeleniumFrameworkDesign.SubmitOrderTest@492691d7]" started-at="2023-10-06T20:00:17 IST" name="submitOrders" data-provider="getData" finished-at="2023-10-06T20:00:27 IST" duration-ms="9327" status="PASS">
          <params>
            <param index="0">
              <value>
                <![CDATA[{password=Welcome@2023, product=zara coat 3, email=vinodnb52@gmail.com}]]>
              </value>
            </param>
          </params>
          <reporter-output>
          </reporter-output>
        </test-method> <!-- submitOrders -->
        <test-method is-config="true" signature="tearDown()[pri:0, instance:UIAutomation.SeleniumFrameworkDesign.SubmitOrderTest@492691d7]" started-at="2023-10-06T20:00:27 IST" name="tearDown" finished-at="2023-10-06T20:00:27 IST" duration-ms="210" status="PASS">
          <reporter-output>
          </reporter-output>
        </test-method> <!-- tearDown -->
        <test-method is-config="true" signature="launchBrowser()[pri:0, instance:UIAutomation.SeleniumFrameworkDesign.SubmitOrderTest@492691d7]" started-at="2023-10-06T20:00:27 IST" name="launchBrowser" finished-at="2023-10-06T20:00:33 IST" duration-ms="6347" status="PASS">
          <reporter-output>
          </reporter-output>
        </test-method> <!-- launchBrowser -->
        <test-method signature="submitOrders(java.util.HashMap)[pri:0, instance:UIAutomation.SeleniumFrameworkDesign.SubmitOrderTest@492691d7]" started-at="2023-10-06T20:00:33 IST" name="submitOrders" data-provider="getData" finished-at="2023-10-06T20:00:42 IST" duration-ms="9060" status="PASS">
          <params>
            <param index="0">
              <value>
                <![CDATA[{password=Welcome*123, product=ADIDAS ORIGINAL, email=qat@gmail.com}]]>
              </value>
            </param>
          </params>
          <reporter-output>
          </reporter-output>
        </test-method> <!-- submitOrders -->
        <test-method is-config="true" signature="tearDown()[pri:0, instance:UIAutomation.SeleniumFrameworkDesign.SubmitOrderTest@492691d7]" started-at="2023-10-06T20:00:42 IST" name="tearDown" finished-at="2023-10-06T20:00:42 IST" duration-ms="173" status="PASS">
          <reporter-output>
          </reporter-output>
        </test-method> <!-- tearDown -->
      </class> <!-- UIAutomation.SeleniumFrameworkDesign.SubmitOrderTest -->
    </test> <!-- Submit Order Test -->
    <test started-at="2023-10-06T20:00:43 IST" name="Error Validations Test" finished-at="2023-10-06T20:01:03 IST" duration-ms="20601">
      <class name="UIAutomation.SeleniumFrameworkDesign.ErrorValidations">
        <test-method is-config="true" signature="launchBrowser()[pri:0, instance:UIAutomation.SeleniumFrameworkDesign.ErrorValidations@2b76ff4e]" started-at="2023-10-06T20:00:43 IST" name="launchBrowser" finished-at="2023-10-06T20:00:49 IST" duration-ms="6457" status="PASS">
          <reporter-output>
          </reporter-output>
        </test-method> <!-- launchBrowser -->
        <test-method signature="errorValidationsInProductCatalogue()[pri:0, instance:UIAutomation.SeleniumFrameworkDesign.ErrorValidations@2b76ff4e]" started-at="2023-10-06T20:00:49 IST" name="errorValidationsInProductCatalogue" finished-at="2023-10-06T20:00:52 IST" duration-ms="3370" status="PASS">
          <reporter-output>
          </reporter-output>
        </test-method> <!-- errorValidationsInProductCatalogue -->
        <test-method is-config="true" signature="tearDown()[pri:0, instance:UIAutomation.SeleniumFrameworkDesign.ErrorValidations@2b76ff4e]" started-at="2023-10-06T20:00:52 IST" name="tearDown" finished-at="2023-10-06T20:00:53 IST" duration-ms="157" status="PASS">
          <reporter-output>
          </reporter-output>
        </test-method> <!-- tearDown -->
        <test-method is-config="true" signature="launchBrowser()[pri:0, instance:UIAutomation.SeleniumFrameworkDesign.ErrorValidations@2b76ff4e]" started-at="2023-10-06T20:00:53 IST" name="launchBrowser" finished-at="2023-10-06T20:00:59 IST" duration-ms="6622" status="PASS">
          <reporter-output>
          </reporter-output>
        </test-method> <!-- launchBrowser -->
        <test-method signature="loginErrors()[pri:0, instance:UIAutomation.SeleniumFrameworkDesign.ErrorValidations@2b76ff4e]" started-at="2023-10-06T20:00:59 IST" name="loginErrors" finished-at="2023-10-06T20:01:03 IST" duration-ms="3805" status="PASS">
          <reporter-output>
          </reporter-output>
        </test-method> <!-- loginErrors -->
        <test-method is-config="true" signature="tearDown()[pri:0, instance:UIAutomation.SeleniumFrameworkDesign.ErrorValidations@2b76ff4e]" started-at="2023-10-06T20:01:03 IST" name="tearDown" finished-at="2023-10-06T20:01:03 IST" duration-ms="186" status="PASS">
          <reporter-output>
          </reporter-output>
        </test-method> <!-- tearDown -->
      </class> <!-- UIAutomation.SeleniumFrameworkDesign.ErrorValidations -->
    </test> <!-- Error Validations Test -->
  </suite> <!-- Suite -->
</testng-results>
