<?xml version="1.0" encoding="UTF-8"?>
<!-- Generated by org.testng.reporters.JUnitXMLReporter -->
<testsuite ignored="0" hostname="OZL8061W" failures="0" tests="2" name="Error Validations Test" time="20.601" errors="0" timestamp="2023-10-06T20:01:03 IST">
  <testcase classname="UIAutomation.SeleniumFrameworkDesign.ErrorValidations" name="errorValidationsInProductCatalogue" time="3.37"/>
  <testcase classname="UIAutomation.SeleniumFrameworkDesign.ErrorValidations" name="loginErrors" time="3.805"/>
</testsuite> <!-- Error Validations Test -->
