<?xml version="1.0" encoding="UTF-8"?>
<!-- Generated by org.testng.reporters.JUnitXMLReporter -->
<testsuite ignored="0" hostname="OZL8061W" failures="0" tests="2" name="Submit Order Test" time="37.24" errors="0" timestamp="2023-10-06T20:00:42 IST">
  <testcase classname="UIAutomation.SeleniumFrameworkDesign.SubmitOrderTest" name="submitOrders" time="9.327"/>
  <testcase classname="UIAutomation.SeleniumFrameworkDesign.SubmitOrderTest" name="submitOrders" time="9.06"/>
</testsuite> <!-- Submit Order Test -->
