<?xml version="1.0" encoding="UTF-8"?>
<!-- Generated by org.testng.reporters.JUnitXMLReporter -->
<testsuite hostname="OZL8061W" ignored="0" name="Error Validations Test" tests="2" failures="0" timestamp="2023-10-12T17:57:04 IST" time="12.017" errors="0">
  <testcase name="errorValidationsInProductCatalogue" time="3.32" classname="UIAutomation.SeleniumFrameworkDesign.ErrorValidations"/>
  <testcase name="loginErrors" time="3.251" classname="UIAutomation.SeleniumFrameworkDesign.ErrorValidations"/>
</testsuite> <!-- Error Validations Test -->
