<?xml version="1.0" encoding="UTF-8"?>
<!-- Generated by org.testng.reporters.JUnitXMLReporter -->
<testsuite hostname="OZL8061W" ignored="0" name="Submit Order Test" tests="2" failures="0" timestamp="2023-10-12T17:56:52 IST" time="24.455" errors="0">
  <testcase name="submitOrders" time="8.905" classname="UIAutomation.SeleniumFrameworkDesign.SubmitOrderTest"/>
  <testcase name="submitOrders" time="8.922" classname="UIAutomation.SeleniumFrameworkDesign.SubmitOrderTest"/>
</testsuite> <!-- Submit Order Test -->
